Resource Usage Report for Top_SEND 

Mapping to part: m2s010vf400-1
Cell usage:
CLKINT          1 use
RCOSC_25_50MHZ  1 use
RCOSC_25_50MHZ_FAB  1 use
CFG1           9 uses
CFG2           37 uses
CFG3           41 uses
CFG4           109 uses

Carry cells:
ARI1            146 uses - used for arithmetic functions
ARI1            2 uses - used for Wide-Mux implementation
Total ARI1      148 uses


Sequential Cells: 
SLE            180 uses

DSP Blocks:    0 of 22 (0%)

I/O ports: 5
I/O primitives: 5
INBUF          2 uses
OUTBUF         3 uses


Global Clock Buffers: 1

Total LUTs:    344

Extra resources required for RAM and MACC interface logic during P&R:

RAM64x18 Interface Logic : SLEs = 0; LUTs = 0;
RAM1K18  Interface Logic : SLEs = 0; LUTs = 0;
MACC     Interface Logic : SLEs = 0; LUTs = 0;

Total number of SLEs after P&R:  180 + 0 + 0 + 0 = 180;
Total number of LUTs after P&R:  344 + 0 + 0 + 0 = 344;

