
Copyright (C) 1994-2022 Synopsys, Inc.
This Synopsys software and all associated documentation are proprietary to Synopsys, Inc.
and may only be used pursuant to the terms and conditions of a written license agreement
with Synopsys, Inc. All other use, reproduction, modification, or distribution of the
Synopsys software or the associated documentation is strictly prohibited.
Tool: Synplify Pro (R)
Build: T-2022.09M-SP2-1
Install: C:\Microchip\Libero_SoC_v2023.2\SynplifyPro
OS: Windows 10 or later
Hostname: DESKTOP-HO2RJRQ

Implementation : synthesis

# Written on Mon May 13 12:44:16 2024

##### DESIGN INFO #######################################################

Top View:                "Top_SEND"
Constraint File(s):      "D:\ESPE\TESIS\SW_LIBERO\PROGRAMAS\A_VERSIONES_OK\Prueba06_UART_BLK\designer\Top_SEND\synthesis.fdc"




##### SUMMARY ############################################################

Found 0 issues in 0 out of 0 constraints


##### DETAILS ############################################################



Clock Relationships
*******************

Starting                                                       Ending                                                         |     rise to rise     |     fall to fall     |     rise to fall     |     fall to rise                     
-----------------------------------------------------------------------------------------------------------------------------------------------------------------------------------------------------------------------------------------
OSC_C0_OSC_C0_0_OSC|N_RCOSC_25_50MHZ_CLKOUT_inferred_clock     OSC_C0_OSC_C0_0_OSC|N_RCOSC_25_50MHZ_CLKOUT_inferred_clock     |     10.000           |     No paths         |     No paths         |     No paths                         
=========================================================================================================================================================================================================================================
 Note: 'No paths' indicates there are no paths in the design for that pair of clock edges.
       'Diff grp' indicates that paths exist but the starting clock and ending clock are in different clock groups.


Unconstrained Start/End Points
******************************

p:BTN_MSS_IN
p:BTN_RST_IN
p:PAD
p:PAD_0
p:TX


Inapplicable constraints
************************

(none)


Applicable constraints with issues
**********************************

(none)


Constraints with matching wildcard expressions
**********************************************

(none)


Library Report
**************


# End of Constraint Checker Report
